#
# A fatal error has been detected by the Java Runtime Environment:
#
#  SIGSEGV (0xb) at pc=0x0000000102d85658, pid=23261, tid=0x0000000000004b03
#
# JRE version: Java(TM) SE Runtime Environment (8.0_101-b13) (build 1.8.0_101-b13)
# Java VM: Java HotSpot(TM) 64-Bit Server VM (25.101-b13 mixed mode bsd-amd64 compressed oops)
# Problematic frame:
# V  [libjvm.dylib+0x385658]  JvmtiEnv::GetClassMethods(oopDesc*, int*, _jmethodID***)+0x122
#
# Failed to write core dump. Core dumps have been disabled. To enable core dumping, try "ulimit -c unlimited" before starting Java again
#
# If you would like to submit a bug report, please visit:
#   http://bugreport.java.com/bugreport/crash.jsp
#

---------------  T H R E A D  ---------------

Current thread (0x00007fe929826000):  JavaThread "JDWP Transport Listener: dt_socket" daemon [_thread_in_vm, id=19203, stack(0x0000700002388000,0x0000700002488000)]

siginfo: si_signo: 11 (SIGSEGV), si_code: 1 (SEGV_MAPERR), si_addr: 0x00007fea2c7ab9e0

Registers:
RAX=0x00007fe92a3667a8, RBX=0x00000007c0161c78, RCX=0x0000000000000001, RDX=0x00007fe927e163a0
RSP=0x0000700002487970, RBP=0x00007000024879f0, RSI=0x0000000000000000, RDI=0x00007fe927e10e10
R8 =0x00007000024878b8, R9 =0x00007000024878b0, R10=0x00007fe927c725a0, R11=0x0000000000000002
R12=0x000000000000001d, R13=0x0000000020967808, R14=0x000000000000001e, R15=0x00007fe927c6f9a0
RIP=0x0000000102d85658, EFLAGS=0x0000000000010202, ERR=0x0000000000000006
  TRAPNO=0x000000000000000e

Top of Stack: (sp=0x0000700002487970)
0x0000700002487970:   0000700002487980 000000000000001e
0x0000700002487980:   0000700002487a84 0000700002487a78
0x0000700002487990:   00007fe929826000 00007fe927e153b0
0x00007000024879a0:   00007fe927e15eb0 00007fe927e15ec0
0x00007000024879b0:   00007fe927e15f98 00000000000000d8
0x00007000024879c0:   0000700002487db0 0000700002487a78
0x00007000024879d0:   00007fe927e01ef0 00007fe929826000
0x00007000024879e0:   0000700002487a84 000000076cd5b1c8
0x00007000024879f0:   0000700002487a60 0000000102d59fc3
0x0000700002487a00:   00007fe929826000 00007fe929826000
0x0000700002487a10:   0000000000000000 0000700000000000
0x0000700002487a20:   0000000000000000 00007fe929826000
0x0000700002487a30:   00007fe929826000 0000000000000001
0x0000700002487a40:   00007fe92a307cb0 00007fe92a312c10
0x0000700002487a50:   0000700002487b08 0000700002487c90
0x0000700002487a60:   0000700002487ad0 00000001039d7195
0x0000700002487a70:   0000700002487aa0 0000000000000000
0x0000700002487a80:   0000000000000032 0000700002487b08
0x0000700002487a90:   0000700002487b08 0000000103a05598
0x0000700002487aa0:   0000700002487ac0 0000700002487c90
0x0000700002487ab0:   00000001039f9e7a 00007fe92a312c10
0x0000700002487ac0:   0000700002487b08 0000000103a05598
0x0000700002487ad0:   0000700002487ae0 00000001039d72ec
0x0000700002487ae0:   0000700002487d00 00000001039e0898
0x0000700002487af0:   00029af300000013 00000000000f0200
0x0000700002487b00:   00007fe92a316210 0000700002487b58
0x0000700002487b10:   00007fe90000012c 0000700002487b20
0x0000700002487b20:   00007fe900000000 0000700002487b58
0x0000700002487b30:   0000000000000000 0000000000000000
0x0000700002487b40:   00029af300000030 00007fe900006680
0x0000700002487b50:   0000700002487b58 0000000001000000
0x0000700002487b60:   000000010000af00 7f00004705000000 

Instructions: (pc=0x0000000102d85658)
0x0000000102d85638:   45 31 e4 48 8b 83 80 01 00 00 48 8b 8b a0 01 00
0x0000000102d85648:   00 4e 63 6c a1 04 4a 8b 7c e0 08 e8 8c ff f9 ff
0x0000000102d85658:   4b 89 04 ef 49 ff c4 4d 39 e6 75 d7 48 8b 45 88
0x0000000102d85668:   48 8b 55 90 89 02 48 8b 4d 98 4c 89 39 31 db 48 

Register to memory mapping:

RAX=0x00007fe92a3667a8 is an unknown value
RBX=0x00000007c0161c78 is pointing into metadata
RCX=0x0000000000000001 is an unknown value
RDX=0x00007fe927e163a0 is an unknown value
RSP=0x0000700002487970 is pointing into the stack for thread: 0x00007fe929826000
RBP=0x00007000024879f0 is pointing into the stack for thread: 0x00007fe929826000
RSI=0x0000000000000000 is an unknown value
RDI=0x00007fe927e10e10 is an unknown value
R8 =0x00007000024878b8 is pointing into the stack for thread: 0x00007fe929826000
R9 =0x00007000024878b0 is pointing into the stack for thread: 0x00007fe929826000
R10=0x00007fe927c725a0 is an unknown value
R11=0x0000000000000002 is an unknown value
R12=0x000000000000001d is an unknown value
R13=0x0000000020967808 is an unknown value
R14=0x000000000000001e is an unknown value
R15=0x00007fe927c6f9a0 is an unknown value


Stack: [0x0000700002388000,0x0000700002488000],  sp=0x0000700002487970,  free space=1022k
Native frames: (J=compiled Java code, j=interpreted, Vv=VM code, C=native code)
V  [libjvm.dylib+0x385658]  JvmtiEnv::GetClassMethods(oopDesc*, int*, _jmethodID***)+0x122
V  [libjvm.dylib+0x359fc3]  jvmti_GetClassMethods+0x130
C  [libjdwp.dylib+0x5195]  methods1+0xad
C  [libjdwp.dylib+0x52ec]  methodsWithGeneric+0xe
C  [libjdwp.dylib+0xe898]  debugLoop_run+0x1ce
C  [libjdwp.dylib+0x1f6ba]  attachThread+0x4d
V  [libjvm.dylib+0x399438]  JvmtiAgentThread::call_start_function()+0x38
V  [libjvm.dylib+0x5695ab]  JavaThread::thread_main_inner()+0x9b
V  [libjvm.dylib+0x56ac98]  JavaThread::run()+0x1c2
V  [libjvm.dylib+0x48933a]  java_start(Thread*)+0xf6
C  [libsystem_pthread.dylib+0x3abb]  _pthread_body+0xb4
C  [libsystem_pthread.dylib+0x3a07]  _pthread_body+0x0
C  [libsystem_pthread.dylib+0x3231]  thread_start+0xd
C  0x0000000000000000


---------------  P R O C E S S  ---------------

Java Threads: ( => current thread )
  0x00007fe92b001000 JavaThread "Service Thread" daemon [_thread_blocked, id=22787, stack(0x0000700002a9d000,0x0000700002b9d000)]
  0x00007fe928870800 JavaThread "C1 CompilerThread3" daemon [_thread_blocked, id=22275, stack(0x000070000299a000,0x0000700002a9a000)]
  0x00007fe928870000 JavaThread "C2 CompilerThread2" daemon [_thread_blocked, id=21763, stack(0x0000700002897000,0x0000700002997000)]
  0x00007fe92886f000 JavaThread "C2 CompilerThread1" daemon [_thread_blocked, id=21251, stack(0x0000700002794000,0x0000700002894000)]
  0x00007fe92c007800 JavaThread "C2 CompilerThread0" daemon [_thread_blocked, id=20739, stack(0x0000700002691000,0x0000700002791000)]
  0x00007fe929826800 JavaThread "JDWP Command Reader" daemon [_thread_in_native, id=20227, stack(0x000070000258e000,0x000070000268e000)]
  0x00007fe92801c800 JavaThread "JDWP Event Helper Thread" daemon [_thread_blocked, id=19715, stack(0x000070000248b000,0x000070000258b000)]
=>0x00007fe929826000 JavaThread "JDWP Transport Listener: dt_socket" daemon [_thread_in_vm, id=19203, stack(0x0000700002388000,0x0000700002488000)]
  0x00007fe928836800 JavaThread "Signal Dispatcher" daemon [_thread_blocked, id=18691, stack(0x0000700002285000,0x0000700002385000)]
  0x00007fe92c006000 JavaThread "Finalizer" daemon [_thread_blocked, id=14595, stack(0x0000700002182000,0x0000700002282000)]
  0x00007fe92b800000 JavaThread "Reference Handler" daemon [_thread_blocked, id=14083, stack(0x000070000207f000,0x000070000217f000)]
  0x00007fe92b000000 JavaThread "main-ScalaTest-running-HuffmanSuite" [_thread_blocked, id=7171, stack(0x0000700001661000,0x0000700001761000)]

Other Threads:
  0x00007fe92885a800 VMThread [stack: 0x0000700001f7c000,0x000070000207c000] [id=13571]
  0x00007fe92c008800 WatcherThread [stack: 0x0000700002ba0000,0x0000700002ca0000] [id=23299]

VM state:not at safepoint (normal execution)

VM Mutex/Monitor currently owned by a thread: None

Heap:
 PSYoungGen      total 76288K, used 38056K [0x000000076ab00000, 0x0000000770000000, 0x00000007c0000000)
  eden space 65536K, 58% used [0x000000076ab00000,0x000000076d02a3e0,0x000000076eb00000)
  from space 10752K, 0% used [0x000000076f580000,0x000000076f580000,0x0000000770000000)
  to   space 10752K, 0% used [0x000000076eb00000,0x000000076eb00000,0x000000076f580000)
 ParOldGen       total 175104K, used 0K [0x00000006c0000000, 0x00000006cab00000, 0x000000076ab00000)
  object space 175104K, 0% used [0x00000006c0000000,0x00000006c0000000,0x00000006cab00000)
 Metaspace       used 9804K, capacity 10208K, committed 10496K, reserved 1058816K
  class space    used 1442K, capacity 1488K, committed 1536K, reserved 1048576K

Card table byte_map: [0x0000000103ddd000,0x00000001045de000] byte_map_base: 0x00000001007dd000

Marking Bits: (ParMarkBitMap*) 0x00000001032edd20
 Begin Bits: [0x0000000104b34000, 0x0000000108b34000)
 End Bits:   [0x0000000108b34000, 0x000000010cb34000)

Polling page: 0x00000001019da000

CodeCache: size=245760Kb used=2349Kb max_used=2489Kb free=243410Kb
 bounds [0x000000010fa33000, 0x000000010fcb3000, 0x000000011ea33000]
 total_blobs=814 nmethods=523 adapters=213
 compilation: enabled

Compilation events (10 events):
Event: 150.270 Thread 0x00007fe928870800  567       3       scala.collection.AbstractSeq::toString (5 bytes)
Event: 150.271 Thread 0x00007fe928870800 nmethod 567 0x000000010fb3fbd0 code [0x000000010fb3fd40, 0x000000010fb3ff28]
Event: 150.271 Thread 0x00007fe928870800  568       3       scala.collection.SeqLike$class::toString (5 bytes)
Event: 150.271 Thread 0x00007fe928870800 nmethod 568 0x000000010fb31a50 code [0x000000010fb31bc0, 0x000000010fb31d28]
Event: 150.271 Thread 0x00007fe928870800  569       3       scala.collection.TraversableLike$class::toString (38 bytes)
Event: 150.271 Thread 0x00007fe928870800 nmethod 569 0x000000010fb5fa90 code [0x000000010fb5fd20, 0x000000010fb60e48]
Event: 150.271 Thread 0x00007fe928870800  570       3       scala.collection.AbstractTraversable::mkString (8 bytes)
Event: 150.272 Thread 0x00007fe928870800 nmethod 570 0x000000010fb6df50 code [0x000000010fb6e160, 0x000000010fb6ec38]
Event: 150.272 Thread 0x00007fe928870800  571       3       scala.collection.AbstractTraversable::addString (10 bytes)
Event: 150.272 Thread 0x00007fe928870800 nmethod 571 0x000000010fb4e610 code [0x000000010fb4e780, 0x000000010fb4e948]

GC Heap History (0 events):
No events

Deoptimization events (1 events):
Event: 0.488 Thread 0x00007fe92b000000 Uncommon trap: reason=unstable_if action=reinterpret pc=0x000000010fc354a0 method=java.lang.String.lastIndexOf([CII[CIII)I @ 66

Internal exceptions (7 events):
Event: 0.023 Thread 0x00007fe92b000000 Exception <a 'java/lang/NoSuchMethodError': Method sun.misc.Unsafe.defineClass(Ljava/lang/String;[BII)Ljava/lang/Class; name or signature does not match> (0x000000076ab07cc0) thrown at [/HUDSON3/workspace/8-2-build-macosx-x86_64/jdk8u101/7261/hotspot/src/
Event: 0.023 Thread 0x00007fe92b000000 Exception <a 'java/lang/NoSuchMethodError': Method sun.misc.Unsafe.prefetchRead(Ljava/lang/Object;J)V name or signature does not match> (0x000000076ab07fa8) thrown at [/HUDSON3/workspace/8-2-build-macosx-x86_64/jdk8u101/7261/hotspot/src/share/vm/prims/jni
Event: 0.100 Thread 0x00007fe92b000000 Exception <a 'java/io/FileNotFoundException'> (0x000000076ac42798) thrown at [/HUDSON3/workspace/8-2-build-macosx-x86_64/jdk8u101/7261/hotspot/src/share/vm/prims/jni.cpp, line 709]
Event: 0.111 Thread 0x00007fe92b000000 Exception <a 'java/security/PrivilegedActionException'> (0x000000076af1cf28) thrown at [/HUDSON3/workspace/8-2-build-macosx-x86_64/jdk8u101/7261/hotspot/src/share/vm/prims/jvm.cpp, line 1386]
Event: 0.111 Thread 0x00007fe92b000000 Exception <a 'java/security/PrivilegedActionException'> (0x000000076af1d138) thrown at [/HUDSON3/workspace/8-2-build-macosx-x86_64/jdk8u101/7261/hotspot/src/share/vm/prims/jvm.cpp, line 1386]
Event: 0.111 Thread 0x00007fe92b000000 Exception <a 'java/security/PrivilegedActionException'> (0x000000076af20440) thrown at [/HUDSON3/workspace/8-2-build-macosx-x86_64/jdk8u101/7261/hotspot/src/share/vm/prims/jvm.cpp, line 1386]
Event: 0.111 Thread 0x00007fe92b000000 Exception <a 'java/security/PrivilegedActionException'> (0x000000076af20650) thrown at [/HUDSON3/workspace/8-2-build-macosx-x86_64/jdk8u101/7261/hotspot/src/share/vm/prims/jvm.cpp, line 1386]

Events (10 events):
Event: 611.730 Executing VM operation: GetOrSetLocal
Event: 611.730 Executing VM operation: GetOrSetLocal done
Event: 611.732 Executing VM operation: GetOrSetLocal
Event: 611.732 Executing VM operation: GetOrSetLocal done
Event: 611.732 Executing VM operation: GetOrSetLocal
Event: 611.732 Executing VM operation: GetOrSetLocal done
Event: 611.734 Executing VM operation: GetOrSetLocal
Event: 611.734 Executing VM operation: GetOrSetLocal done
Event: 4150.485 Executing VM operation: RedefineClasses
Event: 4150.493 Executing VM operation: RedefineClasses done


Dynamic libraries:
0x0000000003b06000 	/System/Library/Frameworks/Cocoa.framework/Versions/A/Cocoa
0x0000000003b06000 	/System/Library/Frameworks/Security.framework/Versions/A/Security
0x0000000003b06000 	/System/Library/Frameworks/ApplicationServices.framework/Versions/A/ApplicationServices
0x0000000003b06000 	/usr/lib/libz.1.dylib
0x0000000003b06000 	/usr/lib/libSystem.B.dylib
0x0000000003b06000 	/usr/lib/libobjc.A.dylib
0x0000000003b06000 	/System/Library/Frameworks/CoreFoundation.framework/Versions/A/CoreFoundation
0x0000000003b06000 	/System/Library/Frameworks/Foundation.framework/Versions/C/Foundation
0x0000000003b06000 	/System/Library/Frameworks/AppKit.framework/Versions/C/AppKit
0x0000000003b06000 	/System/Library/Frameworks/CoreData.framework/Versions/A/CoreData
0x0000000003b06000 	/System/Library/PrivateFrameworks/RemoteViewServices.framework/Versions/A/RemoteViewServices
0x0000000003b06000 	/System/Library/PrivateFrameworks/UIFoundation.framework/Versions/A/UIFoundation
0x0000000003b06000 	/usr/lib/libenergytrace.dylib
0x0000000003b06000 	/System/Library/PrivateFrameworks/SkyLight.framework/Versions/A/SkyLight
0x0000000003b06000 	/System/Library/Frameworks/CoreGraphics.framework/Versions/A/CoreGraphics
0x0000000003b06000 	/usr/lib/libScreenReader.dylib
0x0000000003b06000 	/System/Library/Frameworks/Accelerate.framework/Versions/A/Accelerate
0x0000000003b06000 	/System/Library/Frameworks/IOSurface.framework/Versions/A/IOSurface
0x0000000003b06000 	/System/Library/Frameworks/AudioToolbox.framework/Versions/A/AudioToolbox
0x0000000003b06000 	/System/Library/Frameworks/AudioUnit.framework/Versions/A/AudioUnit
0x0000000003b06000 	/System/Library/PrivateFrameworks/DataDetectorsCore.framework/Versions/A/DataDetectorsCore
0x0000000003b06000 	/System/Library/PrivateFrameworks/DesktopServicesPriv.framework/Versions/A/DesktopServicesPriv
0x0000000003b06000 	/System/Library/Frameworks/Carbon.framework/Versions/A/Frameworks/HIToolbox.framework/Versions/A/HIToolbox
0x0000000003b06000 	/usr/lib/libicucore.A.dylib
0x0000000003b06000 	/System/Library/Frameworks/QuartzCore.framework/Versions/A/QuartzCore
0x0000000003b06000 	/System/Library/Frameworks/Carbon.framework/Versions/A/Frameworks/SpeechRecognition.framework/Versions/A/SpeechRecognition
0x0000000003b06000 	/usr/lib/libauto.dylib
0x0000000003b06000 	/usr/lib/libxml2.2.dylib
0x0000000003b06000 	/System/Library/PrivateFrameworks/CoreUI.framework/Versions/A/CoreUI
0x0000000003b06000 	/System/Library/Frameworks/CoreAudio.framework/Versions/A/CoreAudio
0x0000000003b06000 	/System/Library/Frameworks/DiskArbitration.framework/Versions/A/DiskArbitration
0x0000000003b06000 	/usr/lib/liblangid.dylib
0x0000000003b06000 	/System/Library/PrivateFrameworks/MultitouchSupport.framework/Versions/A/MultitouchSupport
0x0000000003b06000 	/System/Library/Frameworks/IOKit.framework/Versions/A/IOKit
0x0000000003b06000 	/usr/lib/libDiagnosticMessagesClient.dylib
0x0000000003b06000 	/System/Library/Frameworks/CoreServices.framework/Versions/A/CoreServices
0x0000000003b06000 	/System/Library/PrivateFrameworks/PerformanceAnalysis.framework/Versions/A/PerformanceAnalysis
0x0000000003b06000 	/System/Library/PrivateFrameworks/GenerationalStorage.framework/Versions/A/GenerationalStorage
0x0000000003b06000 	/System/Library/Frameworks/OpenGL.framework/Versions/A/OpenGL
0x0000000003b06000 	/System/Library/Frameworks/CoreImage.framework/Versions/A/CoreImage
0x0000000003b06000 	/System/Library/Frameworks/CoreText.framework/Versions/A/CoreText
0x0000000003b06000 	/System/Library/Frameworks/ImageIO.framework/Versions/A/ImageIO
0x0000000003b06000 	/System/Library/PrivateFrameworks/Backup.framework/Versions/A/Backup
0x0000000003b06000 	/usr/lib/libarchive.2.dylib
0x0000000003b06000 	/System/Library/Frameworks/CFNetwork.framework/Versions/A/CFNetwork
0x0000000003b06000 	/System/Library/Frameworks/SystemConfiguration.framework/Versions/A/SystemConfiguration
0x0000000003b06000 	/usr/lib/libCRFSuite.dylib
0x0000000003b06000 	/usr/lib/libc++.1.dylib
0x0000000003b06000 	/usr/lib/libc++abi.dylib
0x0000000003b06000 	/usr/lib/system/libcache.dylib
0x0000000003b06000 	/usr/lib/system/libcommonCrypto.dylib
0x0000000003b06000 	/usr/lib/system/libcompiler_rt.dylib
0x0000000003b06000 	/usr/lib/system/libcopyfile.dylib
0x0000000003b06000 	/usr/lib/system/libcorecrypto.dylib
0x0000000003b06000 	/usr/lib/system/libdispatch.dylib
0x0000000003b06000 	/usr/lib/system/libdyld.dylib
0x0000000003b06000 	/usr/lib/system/libkeymgr.dylib
0x0000000003b06000 	/usr/lib/system/liblaunch.dylib
0x0000000003b06000 	/usr/lib/system/libmacho.dylib
0x0000000003b06000 	/usr/lib/system/libquarantine.dylib
0x0000000003b06000 	/usr/lib/system/libremovefile.dylib
0x0000000003b06000 	/usr/lib/system/libsystem_asl.dylib
0x0000000003b06000 	/usr/lib/system/libsystem_blocks.dylib
0x0000000003b06000 	/usr/lib/system/libsystem_c.dylib
0x0000000003b06000 	/usr/lib/system/libsystem_configuration.dylib
0x0000000003b06000 	/usr/lib/system/libsystem_coreservices.dylib
0x0000000003b06000 	/usr/lib/system/libsystem_coretls.dylib
0x0000000003b06000 	/usr/lib/system/libsystem_dnssd.dylib
0x0000000003b06000 	/usr/lib/system/libsystem_info.dylib
0x0000000003b06000 	/usr/lib/system/libsystem_kernel.dylib
0x0000000003b06000 	/usr/lib/system/libsystem_m.dylib
0x0000000003b06000 	/usr/lib/system/libsystem_malloc.dylib
0x0000000003b06000 	/usr/lib/system/libsystem_network.dylib
0x0000000003b06000 	/usr/lib/system/libsystem_networkextension.dylib
0x0000000003b06000 	/usr/lib/system/libsystem_notify.dylib
0x0000000003b06000 	/usr/lib/system/libsystem_platform.dylib
0x0000000003b06000 	/usr/lib/system/libsystem_pthread.dylib
0x0000000003b06000 	/usr/lib/system/libsystem_sandbox.dylib
0x0000000003b06000 	/usr/lib/system/libsystem_secinit.dylib
0x0000000003b06000 	/usr/lib/system/libsystem_symptoms.dylib
0x0000000003b06000 	/usr/lib/system/libsystem_trace.dylib
0x0000000003b06000 	/usr/lib/system/libunwind.dylib
0x0000000003b06000 	/usr/lib/system/libxpc.dylib
0x0000000003b06000 	/usr/lib/libbsm.0.dylib
0x0000000003b06000 	/usr/lib/system/libkxld.dylib
0x0000000003b06000 	/usr/lib/libcoretls.dylib
0x0000000003b06000 	/usr/lib/libcoretls_cfhelpers.dylib
0x0000000003b06000 	/usr/lib/libxar.1.dylib
0x0000000003b06000 	/usr/lib/libsqlite3.dylib
0x0000000003b06000 	/usr/lib/libpam.2.dylib
0x0000000003b06000 	/usr/lib/libOpenScriptingUtil.dylib
0x0000000003b06000 	/usr/lib/libbz2.1.0.dylib
0x0000000003b06000 	/usr/lib/liblzma.5.dylib
0x0000000003b06000 	/usr/lib/libnetwork.dylib
0x0000000003b06000 	/usr/lib/libpcap.A.dylib
0x0000000003b06000 	/System/Library/Frameworks/CoreServices.framework/Versions/A/Frameworks/FSEvents.framework/Versions/A/FSEvents
0x0000000003b06000 	/System/Library/Frameworks/CoreServices.framework/Versions/A/Frameworks/CarbonCore.framework/Versions/A/CarbonCore
0x0000000003b06000 	/System/Library/Frameworks/CoreServices.framework/Versions/A/Frameworks/Metadata.framework/Versions/A/Metadata
0x0000000003b06000 	/System/Library/Frameworks/CoreServices.framework/Versions/A/Frameworks/OSServices.framework/Versions/A/OSServices
0x0000000003b06000 	/System/Library/Frameworks/CoreServices.framework/Versions/A/Frameworks/SearchKit.framework/Versions/A/SearchKit
0x0000000003b06000 	/System/Library/Frameworks/CoreServices.framework/Versions/A/Frameworks/AE.framework/Versions/A/AE
0x0000000003b06000 	/System/Library/Frameworks/CoreServices.framework/Versions/A/Frameworks/LaunchServices.framework/Versions/A/LaunchServices
0x0000000003b06000 	/System/Library/Frameworks/CoreServices.framework/Versions/A/Frameworks/DictionaryServices.framework/Versions/A/DictionaryServices
0x0000000003b06000 	/System/Library/Frameworks/CoreServices.framework/Versions/A/Frameworks/SharedFileList.framework/Versions/A/SharedFileList
0x0000000003b06000 	/System/Library/Frameworks/NetFS.framework/Versions/A/NetFS
0x0000000003b06000 	/System/Library/PrivateFrameworks/NetAuth.framework/Versions/A/NetAuth
0x0000000003b06000 	/System/Library/PrivateFrameworks/login.framework/Versions/A/Frameworks/loginsupport.framework/Versions/A/loginsupport
0x0000000003b06000 	/System/Library/PrivateFrameworks/TCC.framework/Versions/A/TCC
0x0000000003b06000 	/usr/lib/libmecabra.dylib
0x0000000003b06000 	/System/Library/Frameworks/ApplicationServices.framework/Versions/A/Frameworks/ATS.framework/Versions/A/ATS
0x0000000003b06000 	/System/Library/Frameworks/ApplicationServices.framework/Versions/A/Frameworks/ColorSync.framework/Versions/A/ColorSync
0x0000000003b06000 	/System/Library/Frameworks/ApplicationServices.framework/Versions/A/Frameworks/HIServices.framework/Versions/A/HIServices
0x0000000003b06000 	/System/Library/Frameworks/ApplicationServices.framework/Versions/A/Frameworks/LangAnalysis.framework/Versions/A/LangAnalysis
0x0000000003b06000 	/System/Library/Frameworks/ApplicationServices.framework/Versions/A/Frameworks/PrintCore.framework/Versions/A/PrintCore
0x0000000003b06000 	/System/Library/Frameworks/ApplicationServices.framework/Versions/A/Frameworks/QD.framework/Versions/A/QD
0x0000000003b06000 	/System/Library/Frameworks/ApplicationServices.framework/Versions/A/Frameworks/SpeechSynthesis.framework/Versions/A/SpeechSynthesis
0x0000000003b06000 	/System/Library/Frameworks/Accelerate.framework/Versions/A/Frameworks/vImage.framework/Versions/A/vImage
0x0000000003b06000 	/System/Library/Frameworks/Accelerate.framework/Versions/A/Frameworks/vecLib.framework/Versions/A/vecLib
0x0000000003b06000 	/System/Library/Frameworks/Accelerate.framework/Versions/A/Frameworks/vecLib.framework/Versions/A/libvDSP.dylib
0x0000000003b06000 	/System/Library/Frameworks/Accelerate.framework/Versions/A/Frameworks/vecLib.framework/Versions/A/libBNNS.dylib
0x0000000003b06000 	/System/Library/Frameworks/Accelerate.framework/Versions/A/Frameworks/vecLib.framework/Versions/A/libQuadrature.dylib
0x0000000003b06000 	/System/Library/Frameworks/Accelerate.framework/Versions/A/Frameworks/vecLib.framework/Versions/A/libvMisc.dylib
0x0000000003b06000 	/System/Library/Frameworks/Accelerate.framework/Versions/A/Frameworks/vecLib.framework/Versions/A/libLAPACK.dylib
0x0000000003b06000 	/System/Library/Frameworks/Accelerate.framework/Versions/A/Frameworks/vecLib.framework/Versions/A/libBLAS.dylib
0x0000000003b06000 	/System/Library/Frameworks/Accelerate.framework/Versions/A/Frameworks/vecLib.framework/Versions/A/libLinearAlgebra.dylib
0x0000000003b06000 	/System/Library/Frameworks/Accelerate.framework/Versions/A/Frameworks/vecLib.framework/Versions/A/libSparseBLAS.dylib
0x0000000003b06000 	/System/Library/Frameworks/ApplicationServices.framework/Versions/A/Frameworks/ATS.framework/Versions/A/Resources/libFontParser.dylib
0x0000000003b06000 	/System/Library/Frameworks/ApplicationServices.framework/Versions/A/Frameworks/ATS.framework/Versions/A/Resources/libFontRegistry.dylib
0x0000000003b06000 	/System/Library/Frameworks/ImageIO.framework/Versions/A/Resources/libJPEG.dylib
0x0000000003b06000 	/System/Library/Frameworks/ImageIO.framework/Versions/A/Resources/libTIFF.dylib
0x0000000003b06000 	/System/Library/Frameworks/ImageIO.framework/Versions/A/Resources/libPng.dylib
0x0000000003b06000 	/System/Library/Frameworks/ImageIO.framework/Versions/A/Resources/libGIF.dylib
0x0000000003b06000 	/System/Library/Frameworks/ImageIO.framework/Versions/A/Resources/libJP2.dylib
0x0000000003b06000 	/System/Library/Frameworks/ImageIO.framework/Versions/A/Resources/libRadiance.dylib
0x0000000003b06000 	/usr/lib/libcompression.dylib
0x0000000003b06000 	/System/Library/PrivateFrameworks/AppleJPEG.framework/Versions/A/AppleJPEG
0x0000000003b06000 	/usr/lib/libcups.2.dylib
0x0000000003b06000 	/System/Library/Frameworks/Kerberos.framework/Versions/A/Kerberos
0x0000000003b06000 	/System/Library/Frameworks/GSS.framework/Versions/A/GSS
0x0000000003b06000 	/usr/lib/libresolv.9.dylib
0x0000000003b06000 	/usr/lib/libiconv.2.dylib
0x0000000003b06000 	/System/Library/PrivateFrameworks/Heimdal.framework/Versions/A/Heimdal
0x0000000003b06000 	/usr/lib/libheimdal-asn1.dylib
0x0000000003b06000 	/System/Library/Frameworks/OpenDirectory.framework/Versions/A/OpenDirectory
0x0000000003b06000 	/System/Library/PrivateFrameworks/CommonAuth.framework/Versions/A/CommonAuth
0x0000000003b06000 	/System/Library/Frameworks/OpenDirectory.framework/Versions/A/Frameworks/CFOpenDirectory.framework/Versions/A/CFOpenDirectory
0x0000000003b06000 	/System/Library/Frameworks/SecurityFoundation.framework/Versions/A/SecurityFoundation
0x0000000003b06000 	/System/Library/PrivateFrameworks/LanguageModeling.framework/Versions/A/LanguageModeling
0x0000000003b06000 	/usr/lib/libmarisa.dylib
0x0000000003b06000 	/usr/lib/libChineseTokenizer.dylib
0x0000000003b06000 	/usr/lib/libcmph.dylib
0x0000000003b06000 	/System/Library/PrivateFrameworks/CoreEmoji.framework/Versions/A/CoreEmoji
0x0000000003b06000 	/System/Library/Frameworks/ServiceManagement.framework/Versions/A/ServiceManagement
0x0000000003b06000 	/usr/lib/libxslt.1.dylib
0x0000000003b06000 	/System/Library/Frameworks/Carbon.framework/Versions/A/Frameworks/Ink.framework/Versions/A/Ink
0x0000000003b06000 	/System/Library/PrivateFrameworks/TextureIO.framework/Versions/A/TextureIO
0x0000000003b06000 	/System/Library/Frameworks/Metal.framework/Versions/A/Metal
0x0000000003b06000 	/usr/lib/libate.dylib
0x0000000003b06000 	/System/Library/PrivateFrameworks/GPUCompiler.framework/libmetal_timestamp.dylib
0x0000000003b06000 	/System/Library/Frameworks/OpenGL.framework/Versions/A/Libraries/libCoreFSCache.dylib
0x0000000003b06000 	/System/Library/PrivateFrameworks/IOAccelerator.framework/Versions/A/IOAccelerator
0x0000000003b06000 	/System/Library/Frameworks/CoreVideo.framework/Versions/A/CoreVideo
0x0000000003b06000 	/usr/lib/libFosl_dynamic.dylib
0x0000000003b06000 	/System/Library/PrivateFrameworks/MetalPerformanceShaders.framework/Versions/A/MetalPerformanceShaders
0x0000000003b06000 	/System/Library/PrivateFrameworks/FaceCore.framework/Versions/A/FaceCore
0x0000000003b06000 	/System/Library/Frameworks/OpenCL.framework/Versions/A/OpenCL
0x0000000003b06000 	/System/Library/Frameworks/OpenGL.framework/Versions/A/Libraries/libGLU.dylib
0x0000000003b06000 	/System/Library/Frameworks/OpenGL.framework/Versions/A/Libraries/libGFXShared.dylib
0x0000000003b06000 	/System/Library/Frameworks/OpenGL.framework/Versions/A/Libraries/libGL.dylib
0x0000000003b06000 	/System/Library/Frameworks/OpenGL.framework/Versions/A/Libraries/libGLImage.dylib
0x0000000003b06000 	/System/Library/Frameworks/OpenGL.framework/Versions/A/Libraries/libCVMSPluginSupport.dylib
0x0000000003b06000 	/System/Library/Frameworks/OpenGL.framework/Versions/A/Libraries/libCoreVMClient.dylib
0x0000000003b06000 	/System/Library/PrivateFrameworks/CrashReporterSupport.framework/Versions/A/CrashReporterSupport
0x0000000003b06000 	/System/Library/PrivateFrameworks/Sharing.framework/Versions/A/Sharing
0x0000000003b06000 	/System/Library/PrivateFrameworks/IconServices.framework/Versions/A/IconServices
0x0000000003b06000 	/System/Library/PrivateFrameworks/ProtocolBuffer.framework/Versions/A/ProtocolBuffer
0x0000000003b06000 	/System/Library/PrivateFrameworks/Apple80211.framework/Versions/A/Apple80211
0x0000000003b06000 	/System/Library/Frameworks/CoreWLAN.framework/Versions/A/CoreWLAN
0x0000000003b06000 	/System/Library/PrivateFrameworks/CoreUtils.framework/Versions/A/CoreUtils
0x0000000003b06000 	/System/Library/Frameworks/IOBluetooth.framework/Versions/A/IOBluetooth
0x0000000003b06000 	/System/Library/PrivateFrameworks/CoreWiFi.framework/Versions/A/CoreWiFi
0x0000000003b06000 	/System/Library/Frameworks/CoreBluetooth.framework/Versions/A/CoreBluetooth
0x0000000003b06000 	/System/Library/Frameworks/CoreDisplay.framework/Versions/A/CoreDisplay
0x0000000003b06000 	/System/Library/PrivateFrameworks/IOPresentment.framework/Versions/A/IOPresentment
0x0000000003b06000 	/System/Library/PrivateFrameworks/DebugSymbols.framework/Versions/A/DebugSymbols
0x0000000003b06000 	/System/Library/PrivateFrameworks/CoreSymbolication.framework/Versions/A/CoreSymbolication
0x0000000003b06000 	/System/Library/PrivateFrameworks/Symbolication.framework/Versions/A/Symbolication
0x0000000003b06000 	/System/Library/PrivateFrameworks/AppleFSCompression.framework/Versions/A/AppleFSCompression
0x0000000003b06000 	/System/Library/PrivateFrameworks/SpeechRecognitionCore.framework/Versions/A/SpeechRecognitionCore
0x0000000003b06000 	/System/Library/PrivateFrameworks/ChunkingLibrary.framework/Versions/A/ChunkingLibrary
0x0000000102a00000 	/Library/Java/JavaVirtualMachines/jdk1.8.0_101.jdk/Contents/Home/jre/lib/server/libjvm.dylib
0x0000000003b06000 	/usr/lib/libstdc++.6.dylib
0x00000001019cc000 	/Library/Java/JavaVirtualMachines/jdk1.8.0_101.jdk/Contents/Home/jre/lib/libverify.dylib
0x000000010399d000 	/Library/Java/JavaVirtualMachines/jdk1.8.0_101.jdk/Contents/Home/jre/lib/libjava.dylib
0x00000001039d2000 	/Library/Java/JavaVirtualMachines/jdk1.8.0_101.jdk/Contents/Home/jre/lib/libjdwp.dylib
0x00000001019db000 	/Library/Java/JavaVirtualMachines/jdk1.8.0_101.jdk/Contents/Home/jre/lib/libnpt.dylib
0x00000001019e8000 	/Library/Java/JavaVirtualMachines/jdk1.8.0_101.jdk/Contents/Home/jre/lib/libzip.dylib
0x000000010f8d3000 	/System/Library/Frameworks/JavaVM.framework/Frameworks/JavaRuntimeSupport.framework/JavaRuntimeSupport
0x000000010f8ed000 	/System/Library/Frameworks/JavaVM.framework/Versions/A/Frameworks/JavaNativeFoundation.framework/Versions/A/JavaNativeFoundation
0x00000001019f2000 	/System/Library/Frameworks/JavaVM.framework/Versions/A/JavaVM
0x0000000003b06000 	/System/Library/Frameworks/Carbon.framework/Versions/A/Carbon
0x000000010f902000 	/System/Library/PrivateFrameworks/JavaLaunching.framework/Versions/A/JavaLaunching
0x0000000003b06000 	/System/Library/Frameworks/Carbon.framework/Versions/A/Frameworks/CommonPanels.framework/Versions/A/CommonPanels
0x0000000003b06000 	/System/Library/Frameworks/Carbon.framework/Versions/A/Frameworks/Help.framework/Versions/A/Help
0x0000000003b06000 	/System/Library/Frameworks/Carbon.framework/Versions/A/Frameworks/ImageCapture.framework/Versions/A/ImageCapture
0x0000000003b06000 	/System/Library/Frameworks/Carbon.framework/Versions/A/Frameworks/OpenScripting.framework/Versions/A/OpenScripting
0x0000000003b06000 	/System/Library/Frameworks/Carbon.framework/Versions/A/Frameworks/Print.framework/Versions/A/Print
0x0000000003b06000 	/System/Library/Frameworks/Carbon.framework/Versions/A/Frameworks/SecurityHI.framework/Versions/A/SecurityHI
0x000000010f956000 	/Library/Java/JavaVirtualMachines/jdk1.8.0_101.jdk/Contents/Home/jre/lib/libdt_socket.dylib

VM Arguments:
jvm_args: -agentlib:jdwp=transport=dt_socket,address=127.0.0.1:59319,suspend=y,server=n -ea -Didea.junit.sm_runner -Dfile.encoding=UTF-8 
java_command: com.intellij.rt.execution.junit.JUnitStarter -ideVersion5 patmat.HuffmanSuite
java_class_path (initial): /Applications/IntelliJ IDEA CE.app/Contents/lib/idea_rt.jar:/Applications/IntelliJ IDEA CE.app/Contents/plugins/junit/lib/junit-rt.jar:/Library/Java/JavaVirtualMachines/jdk1.8.0_101.jdk/Contents/Home/jre/lib/charsets.jar:/Library/Java/JavaVirtualMachines/jdk1.8.0_101.jdk/Contents/Home/jre/lib/deploy.jar:/Library/Java/JavaVirtualMachines/jdk1.8.0_101.jdk/Contents/Home/jre/lib/ext/cldrdata.jar:/Library/Java/JavaVirtualMachines/jdk1.8.0_101.jdk/Contents/Home/jre/lib/ext/dnsns.jar:/Library/Java/JavaVirtualMachines/jdk1.8.0_101.jdk/Contents/Home/jre/lib/ext/jaccess.jar:/Library/Java/JavaVirtualMachines/jdk1.8.0_101.jdk/Contents/Home/jre/lib/ext/jfxrt.jar:/Library/Java/JavaVirtualMachines/jdk1.8.0_101.jdk/Contents/Home/jre/lib/ext/localedata.jar:/Library/Java/JavaVirtualMachines/jdk1.8.0_101.jdk/Contents/Home/jre/lib/ext/nashorn.jar:/Library/Java/JavaVirtualMachines/jdk1.8.0_101.jdk/Contents/Home/jre/lib/ext/sunec.jar:/Library/Java/JavaVirtualMachines/jdk1.8.0_101.jdk/Contents/Home/jre/lib/ext/sunjce_provider.jar:/Library/Java/JavaVirtualMachines/jdk1.8.0_101.jdk/Contents/Home/jre/lib/ext/sunpkcs11.jar:/Library/Java/JavaVirtualMachines/jdk1.8.0_101.jdk/Contents/Home/jre/lib/ext/zipfs.jar:/Library/Java/JavaVirtualMachines/jdk1.8.0_101.jdk/Contents/Home/jre/lib/javaws.jar:/Library/Java/JavaVirtualMachines/jdk1.8.0_101.jdk/Contents/Home/jre/lib/jce.jar:/Library/Java/JavaVirtualMachines/jdk1.8.0_101.jdk/Contents/Home/jre/lib/jfr.jar:/Library/Java/JavaVirtualMachines/jdk1.8.0_101.jdk/Contents/Home/jre/lib/jfxswt.jar:/Library/Java/JavaVirtualMachines/jdk1.8.0_101.jdk/Contents/Home/jre/lib/jsse.jar:/Library/Java/JavaVirtualMachines/jdk1.8.0_101.jdk/Contents/Home/jre/lib/management-agent.jar:/Library/Java/JavaVirtualMachines/jdk1.8.0_101.jdk/Contents/Home/jre/lib/plugin.jar:/Library/Java/JavaVirtualMachines/jdk1.8.0_101.jdk/Contents/Home/jre/lib/resources.jar:/Library/Java/JavaVirtualMachines/jdk1.8.0_101.jdk/Contents/Home/jre/lib/rt.jar:/Library/Java
Launcher Type: SUN_STANDARD

Environment Variables:
PATH=/usr/local/bin:/usr/bin:/bin:/usr/sbin:/sbin
SHELL=/bin/bash

Signal Handlers:
SIGSEGV: [libjvm.dylib+0x5af145], sa_mask[0]=11111111011111110111111111111111, sa_flags=SA_ONSTACK|SA_RESTART|SA_SIGINFO
SIGBUS: [libjvm.dylib+0x5af145], sa_mask[0]=11111111011111110111111111111111, sa_flags=SA_RESTART|SA_SIGINFO
SIGFPE: [libjvm.dylib+0x48694c], sa_mask[0]=11111111011111110111111111111111, sa_flags=SA_RESTART|SA_SIGINFO
SIGPIPE: [libjvm.dylib+0x48694c], sa_mask[0]=11111111011111110111111111111111, sa_flags=SA_RESTART|SA_SIGINFO
SIGXFSZ: [libjvm.dylib+0x48694c], sa_mask[0]=11111111011111110111111111111111, sa_flags=SA_RESTART|SA_SIGINFO
SIGILL: [libjvm.dylib+0x48694c], sa_mask[0]=11111111011111110111111111111111, sa_flags=SA_RESTART|SA_SIGINFO
SIGUSR1: SIG_DFL, sa_mask[0]=00000000000000000000000000000000, sa_flags=none
SIGUSR2: [libjvm.dylib+0x48646a], sa_mask[0]=00100000000000000000000000000000, sa_flags=SA_RESTART|SA_SIGINFO
SIGHUP: [libjvm.dylib+0x484a41], sa_mask[0]=11111111011111110111111111111111, sa_flags=SA_RESTART|SA_SIGINFO
SIGINT: [libjvm.dylib+0x484a41], sa_mask[0]=11111111011111110111111111111111, sa_flags=SA_RESTART|SA_SIGINFO
SIGTERM: [libjvm.dylib+0x484a41], sa_mask[0]=11111111011111110111111111111111, sa_flags=SA_RESTART|SA_SIGINFO
SIGQUIT: [libjvm.dylib+0x484a41], sa_mask[0]=11111111011111110111111111111111, sa_flags=SA_RESTART|SA_SIGINFO


---------------  S Y S T E M  ---------------

OS:Bsduname:Darwin 16.0.0 Darwin Kernel Version 16.0.0: Mon Aug 29 17:56:20 PDT 2016; root:xnu-3789.1.32~3/RELEASE_X86_64 x86_64
rlimit: STACK 8192k, CORE 0k, NPROC 709, NOFILE 10240, AS infinity
load average:3.47 2.93 2.61

CPU:total 8 (4 cores per cpu, 2 threads per core) family 6 model 70 stepping 1, cmov, cx8, fxsr, mmx, sse, sse2, sse3, ssse3, sse4.1, sse4.2, popcnt, avx, avx2, aes, clmul, erms, lzcnt, ht, tsc, tscinvbit, bmi1, bmi2

Memory: 4k page, physical 16777216k(513372k free)

/proc/meminfo:


vm_info: Java HotSpot(TM) 64-Bit Server VM (25.101-b13) for bsd-amd64 JRE (1.8.0_101-b13), built on Jun 22 2016 02:42:15 by "java_re" with gcc 4.2.1 (Based on Apple Inc. build 5658) (LLVM build 2336.11.00)

time: Sun Sep 25 21:35:37 2016
elapsed time: 4150 seconds (0d 1h 9m 10s)

